10/06/2021 22:37:05 [MAIN] [IP:::1] [C:\wamp64\www\mockups\src\Core\Controller.php:50] [init:11108] Array
(
    [obj1] => Array
        (
            [id] => Array
                (
                    [name] => trt
                    [test] => 3
                )

        )

    [obj2] => Array
        (
            [id] => Array
                (
                    [name] => trt
                    [test] => 3
                )

        )

)

10/06/2021 22:37:05 [MAIN] [IP:::1] [C:\wamp64\www\mockups\src\Core\Controller.php:50] [init:11108] Array
(
    [obj1] => Array
        (
            [id] => Array
                (
                    [name] => trt
                    [test] => 3
                )

        )

    [obj2] => Array
        (
            [id] => Array
                (
                    [name] => trt
                    [test] => 3
                )

        )

)

10/06/2021 22:38:36 [DEBUG] [IP:::1] [C:\wamp64\www\mockups\src\Logger\Log.php:76] [warn:11108] include_once(file.php): failed to open stream: No such file or directory
10/06/2021 22:38:36 [MAIN] [IP:::1] [C:\wamp64\www\mockups\src\Logger\Log.php:77] [warn:11108] include_once(file.php): failed to open stream: No such file or directory
10/06/2021 22:38:36 [MAIN] [IP:::1] [C:\wamp64\www\mockups\src\Logger\Log.php:77] [warn:11108] include_once(file.php): failed to open stream: No such file or directory
10/06/2021 22:38:36 [DEBUG] [IP:::1] [C:\wamp64\www\mockups\src\Logger\Log.php:76] [warn:11108] include_once(): Failed opening 'file.php' for inclusion (include_path='.;C:\php\pear')
10/06/2021 22:38:36 [MAIN] [IP:::1] [C:\wamp64\www\mockups\src\Logger\Log.php:77] [warn:11108] include_once(): Failed opening 'file.php' for inclusion (include_path='.;C:\php\pear')
10/06/2021 22:38:36 [MAIN] [IP:::1] [C:\wamp64\www\mockups\src\Logger\Log.php:77] [warn:11108] include_once(): Failed opening 'file.php' for inclusion (include_path='.;C:\php\pear')
